  imgui.cpp
  imgui_demo.cpp
  imgui_draw.cpp
  imgui_impl_glfw.cpp
  imgui_impl_opengl3.cpp
  imgui_tables.cpp
  imgui_widgets.cpp
  helper.cpp
  main.cpp
C:\Users\Visitante\Desktop\Computer-Graphics-Simulation\lab2_matos_ce\glm-trackball-imGui-framework\include\trackball.h(78,24): warning C4244: '=': conversion from 'double' to 'float', possible loss of data
C:\Users\Visitante\Desktop\Computer-Graphics-Simulation\lab2_matos_ce\glm-trackball-imGui-framework\include\trackball.h(79,24): warning C4244: '=': conversion from 'double' to 'float', possible loss of data
C:\Users\Visitante\Desktop\Computer-Graphics-Simulation\lab2_matos_ce\glm-trackball-imGui-framework\include\trackball.h(80,24): warning C4244: '=': conversion from 'double' to 'float', possible loss of data
C:\Users\Visitante\Desktop\Computer-Graphics-Simulation\lab2_matos_ce\glm-trackball-imGui-framework\src\main.cpp(170,17): warning C4267: '=': conversion from 'size_t' to 'GLuint', possible loss of data
C:\Users\Visitante\Desktop\Computer-Graphics-Simulation\lab2_matos_ce\glm-trackball-imGui-framework\src\main.cpp(194,25): warning C4244: 'argument': conversion from 'double' to 'float', possible loss of data
C:\Users\Visitante\Desktop\Computer-Graphics-Simulation\lab2_matos_ce\glm-trackball-imGui-framework\src\main.cpp(194,22): warning C4244: 'argument': conversion from 'double' to 'float', possible loss of data
C:\Users\Visitante\Desktop\Computer-Graphics-Simulation\lab2_matos_ce\glm-trackball-imGui-framework\src\main.cpp(200,43): warning C4244: 'argument': conversion from 'GLdouble' to 'int', possible loss of data
C:\Users\Visitante\Desktop\Computer-Graphics-Simulation\lab2_matos_ce\glm-trackball-imGui-framework\src\main.cpp(200,35): warning C4244: 'argument': conversion from 'GLdouble' to 'int', possible loss of data
C:\Users\Visitante\Desktop\Computer-Graphics-Simulation\lab2_matos_ce\glm-trackball-imGui-framework\src\main.cpp(201,46): warning C4244: 'argument': conversion from 'GLdouble' to 'int', possible loss of data
C:\Users\Visitante\Desktop\Computer-Graphics-Simulation\lab2_matos_ce\glm-trackball-imGui-framework\src\main.cpp(201,38): warning C4244: 'argument': conversion from 'GLdouble' to 'int', possible loss of data
C:\Users\Visitante\Desktop\Computer-Graphics-Simulation\lab2_matos_ce\glm-trackball-imGui-framework\src\main.cpp(202,41): warning C4244: 'argument': conversion from 'GLdouble' to 'int', possible loss of data
C:\Users\Visitante\Desktop\Computer-Graphics-Simulation\lab2_matos_ce\glm-trackball-imGui-framework\src\main.cpp(202,33): warning C4244: 'argument': conversion from 'GLdouble' to 'int', possible loss of data
C:\Users\Visitante\Desktop\Computer-Graphics-Simulation\lab2_matos_ce\glm-trackball-imGui-framework\src\main.cpp(217,39): warning C4244: 'argument': conversion from 'GLdouble' to 'int', possible loss of data
C:\Users\Visitante\Desktop\Computer-Graphics-Simulation\lab2_matos_ce\glm-trackball-imGui-framework\src\main.cpp(217,31): warning C4244: 'argument': conversion from 'GLdouble' to 'int', possible loss of data
C:\Users\Visitante\Desktop\Computer-Graphics-Simulation\lab2_matos_ce\glm-trackball-imGui-framework\src\main.cpp(222,40): warning C4244: 'argument': conversion from 'GLdouble' to 'int', possible loss of data
C:\Users\Visitante\Desktop\Computer-Graphics-Simulation\lab2_matos_ce\glm-trackball-imGui-framework\src\main.cpp(222,32): warning C4244: 'argument': conversion from 'GLdouble' to 'int', possible loss of data
C:\Users\Visitante\Desktop\Computer-Graphics-Simulation\lab2_matos_ce\glm-trackball-imGui-framework\src\main.cpp(227,39): warning C4244: 'argument': conversion from 'GLdouble' to 'int', possible loss of data
C:\Users\Visitante\Desktop\Computer-Graphics-Simulation\lab2_matos_ce\glm-trackball-imGui-framework\src\main.cpp(227,31): warning C4244: 'argument': conversion from 'GLdouble' to 'int', possible loss of data
C:\Users\Visitante\Desktop\Computer-Graphics-Simulation\lab2_matos_ce\glm-trackball-imGui-framework\src\main.cpp(232,39): warning C4244: 'argument': conversion from 'GLdouble' to 'int', possible loss of data
C:\Users\Visitante\Desktop\Computer-Graphics-Simulation\lab2_matos_ce\glm-trackball-imGui-framework\src\main.cpp(232,31): warning C4244: 'argument': conversion from 'GLdouble' to 'int', possible loss of data
C:\Users\Visitante\Desktop\Computer-Graphics-Simulation\lab2_matos_ce\glm-trackball-imGui-framework\src\main.cpp(237,39): warning C4244: 'argument': conversion from 'GLdouble' to 'int', possible loss of data
C:\Users\Visitante\Desktop\Computer-Graphics-Simulation\lab2_matos_ce\glm-trackball-imGui-framework\src\main.cpp(237,31): warning C4244: 'argument': conversion from 'GLdouble' to 'int', possible loss of data
C:\Users\Visitante\Desktop\Computer-Graphics-Simulation\lab2_matos_ce\glm-trackball-imGui-framework\src\main.cpp(242,39): warning C4244: 'argument': conversion from 'GLdouble' to 'int', possible loss of data
C:\Users\Visitante\Desktop\Computer-Graphics-Simulation\lab2_matos_ce\glm-trackball-imGui-framework\src\main.cpp(242,31): warning C4244: 'argument': conversion from 'GLdouble' to 'int', possible loss of data
C:\Users\Visitante\Desktop\Computer-Graphics-Simulation\lab2_matos_ce\glm-trackball-imGui-framework\src\main.cpp(284,14): warning C4244: 'argument': conversion from 'int' to 'GLfloat', possible loss of data
C:\Users\Visitante\Desktop\Computer-Graphics-Simulation\lab2_matos_ce\glm-trackball-imGui-framework\src\main.cpp(328,16): warning C4244: 'argument': conversion from 'int' to 'GLfloat', possible loss of data
C:\Users\Visitante\Desktop\Computer-Graphics-Simulation\lab2_matos_ce\glm-trackball-imGui-framework\src\main.cpp(331,16): warning C4244: 'argument': conversion from 'int' to 'GLfloat', possible loss of data
  objGen.cpp
  triangle.cpp
  Generating Code...
  glad.c
glfw3.lib(init.obj) : warning LNK4099: PDB '' was not found with 'glfw3.lib(init.obj)' or at ''; linking object as if no debug info
glfw3.lib(monitor.obj) : warning LNK4099: PDB '' was not found with 'glfw3.lib(monitor.obj)' or at ''; linking object as if no debug info
glfw3.lib(window.obj) : warning LNK4099: PDB '' was not found with 'glfw3.lib(window.obj)' or at ''; linking object as if no debug info
glfw3.lib(input.obj) : warning LNK4099: PDB '' was not found with 'glfw3.lib(input.obj)' or at ''; linking object as if no debug info
glfw3.lib(win32_window.obj) : warning LNK4099: PDB '' was not found with 'glfw3.lib(win32_window.obj)' or at ''; linking object as if no debug info
glfw3.lib(context.obj) : warning LNK4099: PDB '' was not found with 'glfw3.lib(context.obj)' or at ''; linking object as if no debug info
glfw3.lib(win32_init.obj) : warning LNK4099: PDB '' was not found with 'glfw3.lib(win32_init.obj)' or at ''; linking object as if no debug info
glfw3.lib(win32_monitor.obj) : warning LNK4099: PDB '' was not found with 'glfw3.lib(win32_monitor.obj)' or at ''; linking object as if no debug info
glfw3.lib(win32_time.obj) : warning LNK4099: PDB '' was not found with 'glfw3.lib(win32_time.obj)' or at ''; linking object as if no debug info
glfw3.lib(win32_thread.obj) : warning LNK4099: PDB '' was not found with 'glfw3.lib(win32_thread.obj)' or at ''; linking object as if no debug info
glfw3.lib(vulkan.obj) : warning LNK4099: PDB '' was not found with 'glfw3.lib(vulkan.obj)' or at ''; linking object as if no debug info
glfw3.lib(win32_joystick.obj) : warning LNK4099: PDB '' was not found with 'glfw3.lib(win32_joystick.obj)' or at ''; linking object as if no debug info
glfw3.lib(wgl_context.obj) : warning LNK4099: PDB '' was not found with 'glfw3.lib(wgl_context.obj)' or at ''; linking object as if no debug info
glfw3.lib(egl_context.obj) : warning LNK4099: PDB '' was not found with 'glfw3.lib(egl_context.obj)' or at ''; linking object as if no debug info
glfw3.lib(osmesa_context.obj) : warning LNK4099: PDB '' was not found with 'glfw3.lib(osmesa_context.obj)' or at ''; linking object as if no debug info
  RuledSurface-glm-imGui.vcxproj -> C:\Users\Visitante\Desktop\Computer-Graphics-Simulation\lab2_matos_ce\glm-trackball-imGui-framework\x64\Debug\RuledSurface.exe
